# JRE version: OpenJDK Runtime Environment (21.0.2+13) (build 21.0.2+13-58)
# Java VM: OpenJDK 64-Bit Server VM (21.0.2+13-58, mixed mode, emulated-client, sharing, tiered, compressed oops, compressed class ptrs, g1 gc, windows-amd64)
GC Precious Log:
 CardTable entry size: 512
 Card Set container configuration: InlinePtr #cards 4 size 8 Array Of Cards #cards 32 size 80 Howl #buckets 8 coarsen threshold 7372 Howl Bitmap #cards 1024 size 144 coarsen threshold 921 Card regions per heap region 1 cards per card region 8192
 CPUs: 16 total, 16 available
 Memory: 32581M
 Large Page Support: Disabled
 NUMA Support: Disabled
 Compressed Oops: Enabled (Zero based)
 Heap Region Size: 4M
 Heap Min Capacity: 8M
 Heap Initial Capacity: 512M
 Heap Max Capacity: 8148M
 Pre-touch: Disabled
 Parallel Workers: 13
 Concurrent Workers: 3
 Concurrent Refinement Workers: 13
 Periodic GC: Disabled
Heap:
 garbage-first heap   total 319488K, used 149365K [0x0000000602c00000, 0x0000000800000000)
  region size 4096K, 16 young (65536K), 2 survivors (8192K)
 Metaspace       used 68686K, committed 69504K, reserved 1114112K
  class space    used 9063K, committed 9408K, reserved 1048576K
GC Heap History (20 events):
Event: 2.815 GC heap before
{Heap before GC invocations=13 (full 0):
 garbage-first heap   total 294912K, used 52464K [0x0000000602c00000, 0x0000000800000000)
  region size 4096K, 10 young (40960K), 1 survivors (4096K)
 Metaspace       used 38754K, committed 39360K, reserved 1114112K
  class space    used 5143K, committed 5440K, reserved 1048576K
}
Event: 2.817 GC heap after
{Heap after GC invocations=14 (full 0):
 garbage-first heap   total 294912K, used 24975K [0x0000000602c00000, 0x0000000800000000)
  region size 4096K, 1 young (4096K), 1 survivors (4096K)
 Metaspace       used 38754K, committed 39360K, reserved 1114112K
  class space    used 5143K, committed 5440K, reserved 1048576K
}
Event: 3.729 GC heap before
{Heap before GC invocations=15 (full 0):
 garbage-first heap   total 110592K, used 86415K [0x0000000602c00000, 0x0000000800000000)
  region size 4096K, 16 young (65536K), 1 survivors (4096K)
 Metaspace       used 50799K, committed 51456K, reserved 1114112K
  class space    used 6687K, committed 6976K, reserved 1048576K
}
Event: 3.732 GC heap after
{Heap after GC invocations=16 (full 0):
 garbage-first heap   total 110592K, used 30070K [0x0000000602c00000, 0x0000000800000000)
  region size 4096K, 2 young (8192K), 2 survivors (8192K)
 Metaspace       used 50799K, committed 51456K, reserved 1114112K
  class space    used 6687K, committed 6976K, reserved 1048576K
}
Event: 3.879 GC heap before
{Heap before GC invocations=16 (full 0):
 garbage-first heap   total 110592K, used 83318K [0x0000000602c00000, 0x0000000800000000)
  region size 4096K, 16 young (65536K), 2 survivors (8192K)
 Metaspace       used 51457K, committed 52032K, reserved 1114112K
  class space    used 6784K, committed 7040K, reserved 1048576K
}
Event: 3.883 GC heap after
{Heap after GC invocations=17 (full 0):
 garbage-first heap   total 114688K, used 43548K [0x0000000602c00000, 0x0000000800000000)
  region size 4096K, 2 young (8192K), 2 survivors (8192K)
 Metaspace       used 51457K, committed 52032K, reserved 1114112K
  class space    used 6784K, committed 7040K, reserved 1048576K
}
Event: 3.927 GC heap before
{Heap before GC invocations=17 (full 0):
 garbage-first heap   total 114688K, used 92700K [0x0000000602c00000, 0x0000000800000000)
  region size 4096K, 14 young (57344K), 2 survivors (8192K)
 Metaspace       used 51457K, committed 52032K, reserved 1114112K
  class space    used 6784K, committed 7040K, reserved 1048576K
}
Event: 3.930 GC heap after
{Heap after GC invocations=18 (full 0):
 garbage-first heap   total 114688K, used 46669K [0x0000000602c00000, 0x0000000800000000)
  region size 4096K, 1 young (4096K), 1 survivors (4096K)
 Metaspace       used 51457K, committed 52032K, reserved 1114112K
  class space    used 6784K, committed 7040K, reserved 1048576K
}
Event: 3.977 GC heap before
{Heap before GC invocations=18 (full 0):
 garbage-first heap   total 114688K, used 95821K [0x0000000602c00000, 0x0000000800000000)
  region size 4096K, 13 young (53248K), 1 survivors (4096K)
 Metaspace       used 51457K, committed 52032K, reserved 1114112K
  class space    used 6784K, committed 7040K, reserved 1048576K
}
Event: 3.980 GC heap after
{Heap after GC invocations=19 (full 0):
 garbage-first heap   total 114688K, used 54928K [0x0000000602c00000, 0x0000000800000000)
  region size 4096K, 2 young (8192K), 2 survivors (8192K)
 Metaspace       used 51457K, committed 52032K, reserved 1114112K
  class space    used 6784K, committed 7040K, reserved 1048576K
}
Event: 4.010 GC heap before
{Heap before GC invocations=19 (full 0):
 garbage-first heap   total 114688K, used 91792K [0x0000000602c00000, 0x0000000800000000)
  region size 4096K, 11 young (45056K), 2 survivors (8192K)
 Metaspace       used 51457K, committed 52032K, reserved 1114112K
  class space    used 6784K, committed 7040K, reserved 1048576K
}
Event: 4.012 GC heap after
{Heap after GC invocations=20 (full 0):
 garbage-first heap   total 319488K, used 53593K [0x0000000602c00000, 0x0000000800000000)
  region size 4096K, 1 young (4096K), 1 survivors (4096K)
 Metaspace       used 51457K, committed 52032K, reserved 1114112K
  class space    used 6784K, committed 7040K, reserved 1048576K
}
Event: 4.199 GC heap before
{Heap before GC invocations=20 (full 0):
 garbage-first heap   total 319488K, used 233817K [0x0000000602c00000, 0x0000000800000000)
  region size 4096K, 46 young (188416K), 1 survivors (4096K)
 Metaspace       used 51458K, committed 52032K, reserved 1114112K
  class space    used 6784K, committed 7040K, reserved 1048576K
}
Event: 4.204 GC heap after
{Heap after GC invocations=21 (full 0):
 garbage-first heap   total 319488K, used 62926K [0x0000000602c00000, 0x0000000800000000)
  region size 4096K, 3 young (12288K), 3 survivors (12288K)
 Metaspace       used 51458K, committed 52032K, reserved 1114112K
  class space    used 6784K, committed 7040K, reserved 1048576K
}
Event: 4.353 GC heap before
{Heap before GC invocations=21 (full 0):
 garbage-first heap   total 319488K, used 243150K [0x0000000602c00000, 0x0000000800000000)
  region size 4096K, 46 young (188416K), 3 survivors (12288K)
 Metaspace       used 51458K, committed 52032K, reserved 1114112K
  class space    used 6784K, committed 7040K, reserved 1048576K
}
Event: 4.358 GC heap after
{Heap after GC invocations=22 (full 0):
 garbage-first heap   total 319488K, used 70265K [0x0000000602c00000, 0x0000000800000000)
  region size 4096K, 5 young (20480K), 5 survivors (20480K)
 Metaspace       used 51458K, committed 52032K, reserved 1114112K
  class space    used 6784K, committed 7040K, reserved 1048576K
}
Event: 5.394 GC heap before
{Heap before GC invocations=22 (full 0):
 garbage-first heap   total 319488K, used 238201K [0x0000000602c00000, 0x0000000800000000)
  region size 4096K, 46 young (188416K), 5 survivors (20480K)
 Metaspace       used 61422K, committed 62144K, reserved 1114112K
  class space    used 8027K, committed 8384K, reserved 1048576K
}
Event: 5.403 GC heap after
{Heap after GC invocations=23 (full 0):
 garbage-first heap   total 319488K, used 87527K [0x0000000602c00000, 0x0000000800000000)
  region size 4096K, 6 young (24576K), 6 survivors (24576K)
 Metaspace       used 61422K, committed 62144K, reserved 1114112K
  class space    used 8027K, committed 8384K, reserved 1048576K
}
Event: 5.981 GC heap before
{Heap before GC invocations=23 (full 0):
 garbage-first heap   total 319488K, used 136679K [0x0000000602c00000, 0x0000000800000000)
  region size 4096K, 19 young (77824K), 6 survivors (24576K)
 Metaspace       used 65381K, committed 66048K, reserved 1114112K
  class space    used 8597K, committed 8896K, reserved 1048576K
}
Event: 5.987 GC heap after
{Heap after GC invocations=24 (full 0):
 garbage-first heap   total 319488K, used 96117K [0x0000000602c00000, 0x0000000800000000)
  region size 4096K, 2 young (8192K), 2 survivors (8192K)
 Metaspace       used 65381K, committed 66048K, reserved 1114112K
  class space    used 8597K, committed 8896K, reserved 1048576K
}

